<?xml version="1.0" encoding="UTF-8"?>
<!-- Generated by org.testng.reporters.JUnitReportReporter -->
<testsuite hostname="DESKTOP-5OKN5RH" name="testngscript.Handling_tabs" tests="1" failures="0" timestamp="24 Jul 2024 01:32:13 GMT" time="43.752" errors="0">
  <testcase name="Tabs" time="43.752" classname="testngscript.Handling_tabs"/>
</testsuite> <!-- testngscript.Handling_tabs -->
