<?xml version="1.0" encoding="UTF-8"?>
<!-- Generated by org.testng.reporters.JUnitReportReporter -->
<testsuite hostname="DESKTOP-5OKN5RH" name="testngscript.WebTable_Specificcolumdata" tests="1" failures="0" timestamp="8 Jul 2024 01:46:34 GMT" time="15.495" errors="0">
  <testcase name="WebTable" time="15.495" classname="testngscript.WebTable_Specificcolumdata"/>
</testsuite> <!-- testngscript.WebTable_Specificcolumdata -->
