<?xml version="1.0" encoding="UTF-8"?>
<!-- Generated by org.testng.reporters.JUnitReportReporter -->
<testsuite hostname="DESKTOP-5OKN5RH" name="testngscript.ReadtestdatafromPropertyfile" tests="1" failures="0" timestamp="24 Jul 2024 01:49:41 GMT" time="36.611" errors="0">
  <testcase name="Readtextfiledata" time="36.611" classname="testngscript.ReadtestdatafromPropertyfile"/>
</testsuite> <!-- testngscript.ReadtestdatafromPropertyfile -->
