<?xml version="1.0" encoding="UTF-8"?>
<!-- Generated by org.testng.reporters.JUnitReportReporter -->
<testsuite hostname="DESKTOP-5OKN5RH" name="testngscript.FileUploading" tests="1" failures="0" timestamp="31 Jul 2024 01:53:09 GMT" time="17.846" errors="0">
  <testcase name="Launchbrowser" time="17.846" classname="testngscript.FileUploading"/>
</testsuite> <!-- testngscript.FileUploading -->
