<?xml version="1.0" encoding="UTF-8"?>
<!-- Generated by org.testng.reporters.JUnitReportReporter -->
<testsuite hostname="DESKTOP-5OKN5RH" name="testngscript.CaptureScreenshot_Passed" tests="1" failures="0" timestamp="18 Jul 2024 01:36:12 GMT" time="5.730" errors="0">
  <testcase name="Google" time="5.730" classname="testngscript.CaptureScreenshot_Passed"/>
</testsuite> <!-- testngscript.CaptureScreenshot_Passed -->
