<?xml version="1.0" encoding="UTF-8"?>
<!-- Generated by org.testng.reporters.JUnitReportReporter -->
<testsuite hostname="DESKTOP-5OKN5RH" name="testngscript.Orangehrmsapp" tests="4" failures="0" timestamp="2 Jul 2024 01:04:08 GMT" time="122.780" errors="0">
  <testcase name="Addbutton" time="29.564" classname="testngscript.Orangehrmsapp"/>
  <testcase name="Deletebutton" time="32.924" classname="testngscript.Orangehrmsapp"/>
  <testcase name="Searchbutton" time="27.613" classname="testngscript.Orangehrmsapp"/>
  <testcase name="Resetbutton" time="32.679" classname="testngscript.Orangehrmsapp"/>
</testsuite> <!-- testngscript.Orangehrmsapp -->
