<?xml version="1.0" encoding="UTF-8"?>
<!-- Generated by org.testng.reporters.JUnitReportReporter -->
<testsuite hostname="DESKTOP-5OKN5RH" name="testngscript.TestngAnnoations" tests="1" failures="0" timestamp="3 Jul 2024 01:30:17 GMT" time="0.006" errors="0">
  <testcase name="Test1" time="0.006" classname="testngscript.TestngAnnoations"/>
</testsuite> <!-- testngscript.TestngAnnoations -->
