<?xml version="1.0" encoding="UTF-8"?>
<!-- Generated by org.testng.reporters.JUnitReportReporter -->
<testsuite hostname="DESKTOP-5OKN5RH" name="testngscript.Handling_webtable" tests="1" failures="0" timestamp="31 Jul 2024 02:01:00 GMT" time="51.790" errors="0">
  <testcase name="WebTable" time="51.790" classname="testngscript.Handling_webtable"/>
</testsuite> <!-- testngscript.Handling_webtable -->
