<?xml version="1.0" encoding="UTF-8"?>
<!-- Generated by org.testng.reporters.JUnitReportReporter -->
<testsuite hostname="DESKTOP-5OKN5RH" name="testngscript.HandlingAlerts" tests="1" failures="0" timestamp="18 Jul 2024 02:00:58 GMT" time="11.178" errors="0">
  <testcase name="AlertMethod" time="11.178" classname="testngscript.HandlingAlerts"/>
</testsuite> <!-- testngscript.HandlingAlerts -->
