<?xml version="1.0" encoding="UTF-8"?>
<!-- Generated by org.testng.reporters.JUnitReportReporter -->
<testsuite hostname="DESKTOP-5OKN5RH" name="testngscript.Handling_calendartable" tests="1" failures="0" timestamp="9 Jul 2024 01:37:29 GMT" time="14.628" errors="0">
  <testcase name="calendartable" time="14.628" classname="testngscript.Handling_calendartable"/>
</testsuite> <!-- testngscript.Handling_calendartable -->
