<?xml version="1.0" encoding="UTF-8"?>
<!-- Generated by org.testng.reporters.JUnitReportReporter -->
<testsuite hostname="DESKTOP-5OKN5RH" name="testngscript.Rediffmailscript" tests="1" failures="0" timestamp="28 Jun 2024 02:01:36 GMT" time="6.798" errors="0">
  <testcase name="dropdown" time="6.798" classname="testngscript.Rediffmailscript"/>
</testsuite> <!-- testngscript.Rediffmailscript -->
