<?xml version="1.0" encoding="UTF-8"?>
<!-- Generated by org.testng.reporters.JUnitReportReporter -->
<testsuite hostname="DESKTOP-5OKN5RH" name="testngscript.Handling_windows" tests="1" failures="0" timestamp="3 Jul 2024 02:02:43 GMT" time="23.926" errors="0">
  <testcase name="windowhandle" time="23.926" classname="testngscript.Handling_windows"/>
</testsuite> <!-- testngscript.Handling_windows -->
